Analysis & Synthesis report for JogoReacao_v1
Mon Mar  2 11:08:54 2020
Quartus Prime Version 18.0.0 Build 614 04/24/2018 SJ Lite Edition


---------------------
; Table of Contents ;
---------------------
  1. Legal Notice
  2. Analysis & Synthesis Summary
  3. Analysis & Synthesis Settings
  4. Parallel Compilation
  5. Analysis & Synthesis Source Files Read
  6. Analysis & Synthesis Resource Usage Summary
  7. Analysis & Synthesis Resource Utilization by Entity
  8. State Machine - |JogoReacao_v1|controladorJogo:CONTROLADOR|Eatual
  9. State Machine - |JogoReacao_v1|medidor_largura:MEDIDOR|controlador:UC|Ereg
 10. State Machine - |JogoReacao_v1|interface_leds_botoes_v2:INTERFACE|Interface_FSM_v4:FSM|Ereg
 11. User-Specified and Inferred Latches
 12. General Register Statistics
 13. Multiplexer Restructuring Statistics (Restructuring Performed)
 14. Parameter Settings for User Entity Instance: interface_leds_botoes_v2:INTERFACE|contador_modm:CONT_INICIO
 15. Parameter Settings for User Entity Instance: mux2x1_nbits:MUX
 16. Parameter Settings for User Entity Instance: mux4x1_nbits:MUX_DISP0
 17. Parameter Settings for User Entity Instance: mux4x1_nbits:MUX_DISP1
 18. Parameter Settings for User Entity Instance: mux4x1_nbits:MUX_DISP2
 19. Parameter Settings for User Entity Instance: mux4x1_nbits:MUX_DISP3
 20. Parameter Settings for User Entity Instance: mux4x1_nbits:MUX_DISP4
 21. Parameter Settings for User Entity Instance: mux4x1_nbits:MUX_DISP5
 22. Parameter Settings for User Entity Instance: mux4x1_nbits:MUX_LED0
 23. Parameter Settings for User Entity Instance: mux4x1_nbits:MUX_LED1
 24. Parameter Settings for User Entity Instance: mux4x1_nbits:MUX_LED2
 25. Parameter Settings for User Entity Instance: mux4x1_nbits:MUX_LED3
 26. Parameter Settings for User Entity Instance: mux4x1_nbits:MUX_LED4
 27. Parameter Settings for User Entity Instance: mux4x1_nbits:MUX_LED5
 28. Parameter Settings for User Entity Instance: mux4x1_nbits:MUX_LED6
 29. Parameter Settings for User Entity Instance: mux4x1_nbits:MUX_LED7
 30. Parameter Settings for User Entity Instance: mux4x1_nbits:MUX_LED8
 31. Parameter Settings for User Entity Instance: mux4x1_nbits:MUX_LED9
 32. Port Connectivity Checks: "mux4x1_nbits:MUX_LED9"
 33. Port Connectivity Checks: "mux4x1_nbits:MUX_LED8"
 34. Port Connectivity Checks: "mux4x1_nbits:MUX_LED7"
 35. Port Connectivity Checks: "mux4x1_nbits:MUX_LED6"
 36. Port Connectivity Checks: "mux4x1_nbits:MUX_LED5"
 37. Port Connectivity Checks: "mux4x1_nbits:MUX_LED4"
 38. Port Connectivity Checks: "mux4x1_nbits:MUX_LED3"
 39. Port Connectivity Checks: "mux4x1_nbits:MUX_LED2"
 40. Port Connectivity Checks: "mux4x1_nbits:MUX_LED1"
 41. Port Connectivity Checks: "mux4x1_nbits:MUX_LED0"
 42. Port Connectivity Checks: "mux4x1_nbits:MUX_DISP5"
 43. Port Connectivity Checks: "mux4x1_nbits:MUX_DISP4"
 44. Port Connectivity Checks: "mux4x1_nbits:MUX_DISP3"
 45. Port Connectivity Checks: "mux4x1_nbits:MUX_DISP2"
 46. Port Connectivity Checks: "mux4x1_nbits:MUX_DISP1"
 47. Port Connectivity Checks: "mux4x1_nbits:MUX_DISP0"
 48. Port Connectivity Checks: "mux2x1_nbits:MUX"
 49. Port Connectivity Checks: "controladorJogo:CONTROLADOR"
 50. Port Connectivity Checks: "medidor_largura:MEDIDOR|contador16bits_mod10:CONT|contador_162:CONT4"
 51. Port Connectivity Checks: "medidor_largura:MEDIDOR|contador16bits_mod10:CONT|contador_162:CONT3"
 52. Port Connectivity Checks: "medidor_largura:MEDIDOR|contador16bits_mod10:CONT|contador_162:CONT2"
 53. Port Connectivity Checks: "medidor_largura:MEDIDOR|contador16bits_mod10:CONT|contador_162:CONT1"
 54. Port Connectivity Checks: "medidor_largura:MEDIDOR"
 55. Port Connectivity Checks: "interface_leds_botoes_v2:INTERFACE|Interface_FSM_v4:FSM"
 56. Port Connectivity Checks: "interface_leds_botoes_v2:INTERFACE|contador_modm:CONT_INICIO"
 57. Port Connectivity Checks: "interface_leds_botoes_v2:INTERFACE"
 58. Post-Synthesis Netlist Statistics for Top Partition
 59. Elapsed Time Per Partition
 60. Analysis & Synthesis Messages



----------------
; Legal Notice ;
----------------
Copyright (C) 2018  Intel Corporation. All rights reserved.
Your use of Intel Corporation's design tools, logic functions 
and other software and tools, and its AMPP partner logic 
functions, and any output files from any of the foregoing 
(including device programming or simulation files), and any 
associated documentation or information are expressly subject 
to the terms and conditions of the Intel Program License 
Subscription Agreement, the Intel Quartus Prime License Agreement,
the Intel FPGA IP License Agreement, or other applicable license
agreement, including, without limitation, that your use is for
the sole purpose of programming logic devices manufactured by
Intel and sold by Intel or its authorized distributors.  Please
refer to the applicable agreement for further details.



+-------------------------------------------------------------------------------+
; Analysis & Synthesis Summary                                                  ;
+---------------------------------+---------------------------------------------+
; Analysis & Synthesis Status     ; Successful - Mon Mar  2 11:08:54 2020       ;
; Quartus Prime Version           ; 18.0.0 Build 614 04/24/2018 SJ Lite Edition ;
; Revision Name                   ; JogoReacao_v1                               ;
; Top-level Entity Name           ; JogoReacao_v1                               ;
; Family                          ; Cyclone V                                   ;
; Logic utilization (in ALMs)     ; N/A                                         ;
; Total registers                 ; 50                                          ;
; Total pins                      ; 81                                          ;
; Total virtual pins              ; 0                                           ;
; Total block memory bits         ; 0                                           ;
; Total DSP Blocks                ; 0                                           ;
; Total HSSI RX PCSs              ; 0                                           ;
; Total HSSI PMA RX Deserializers ; 0                                           ;
; Total HSSI TX PCSs              ; 0                                           ;
; Total HSSI PMA TX Serializers   ; 0                                           ;
; Total PLLs                      ; 0                                           ;
; Total DLLs                      ; 0                                           ;
+---------------------------------+---------------------------------------------+


+---------------------------------------------------------------------------------------------------------------------------+
; Analysis & Synthesis Settings                                                                                             ;
+---------------------------------------------------------------------------------+--------------------+--------------------+
; Option                                                                          ; Setting            ; Default Value      ;
+---------------------------------------------------------------------------------+--------------------+--------------------+
; Device                                                                          ; 5CEBA4F23C7        ;                    ;
; Top-level entity name                                                           ; JogoReacao_v1      ; JogoReacao_v1      ;
; Family name                                                                     ; Cyclone V          ; Cyclone V          ;
; Use smart compilation                                                           ; Off                ; Off                ;
; Enable parallel Assembler and Timing Analyzer during compilation                ; On                 ; On                 ;
; Enable compact report table                                                     ; Off                ; Off                ;
; Restructure Multiplexers                                                        ; Auto               ; Auto               ;
; MLAB Add Timing Constraints For Mixed-Port Feed-Through Mode Setting Don't Care ; Off                ; Off                ;
; Create Debugging Nodes for IP Cores                                             ; Off                ; Off                ;
; Preserve fewer node names                                                       ; On                 ; On                 ;
; Intel FPGA IP Evaluation Mode                                                   ; Enable             ; Enable             ;
; Verilog Version                                                                 ; Verilog_2001       ; Verilog_2001       ;
; VHDL Version                                                                    ; VHDL_1993          ; VHDL_1993          ;
; State Machine Processing                                                        ; Auto               ; Auto               ;
; Safe State Machine                                                              ; Off                ; Off                ;
; Extract Verilog State Machines                                                  ; On                 ; On                 ;
; Extract VHDL State Machines                                                     ; On                 ; On                 ;
; Ignore Verilog initial constructs                                               ; Off                ; Off                ;
; Iteration limit for constant Verilog loops                                      ; 5000               ; 5000               ;
; Iteration limit for non-constant Verilog loops                                  ; 250                ; 250                ;
; Add Pass-Through Logic to Inferred RAMs                                         ; On                 ; On                 ;
; Infer RAMs from Raw Logic                                                       ; On                 ; On                 ;
; Parallel Synthesis                                                              ; On                 ; On                 ;
; DSP Block Balancing                                                             ; Auto               ; Auto               ;
; NOT Gate Push-Back                                                              ; On                 ; On                 ;
; Power-Up Don't Care                                                             ; On                 ; On                 ;
; Remove Redundant Logic Cells                                                    ; Off                ; Off                ;
; Remove Duplicate Registers                                                      ; On                 ; On                 ;
; Ignore CARRY Buffers                                                            ; Off                ; Off                ;
; Ignore CASCADE Buffers                                                          ; Off                ; Off                ;
; Ignore GLOBAL Buffers                                                           ; Off                ; Off                ;
; Ignore ROW GLOBAL Buffers                                                       ; Off                ; Off                ;
; Ignore LCELL Buffers                                                            ; Off                ; Off                ;
; Ignore SOFT Buffers                                                             ; On                 ; On                 ;
; Limit AHDL Integers to 32 Bits                                                  ; Off                ; Off                ;
; Optimization Technique                                                          ; Balanced           ; Balanced           ;
; Carry Chain Length                                                              ; 70                 ; 70                 ;
; Auto Carry Chains                                                               ; On                 ; On                 ;
; Auto Open-Drain Pins                                                            ; On                 ; On                 ;
; Perform WYSIWYG Primitive Resynthesis                                           ; Off                ; Off                ;
; Auto ROM Replacement                                                            ; On                 ; On                 ;
; Auto RAM Replacement                                                            ; On                 ; On                 ;
; Auto DSP Block Replacement                                                      ; On                 ; On                 ;
; Auto Shift Register Replacement                                                 ; Auto               ; Auto               ;
; Allow Shift Register Merging across Hierarchies                                 ; Auto               ; Auto               ;
; Auto Clock Enable Replacement                                                   ; On                 ; On                 ;
; Strict RAM Replacement                                                          ; Off                ; Off                ;
; Allow Synchronous Control Signals                                               ; On                 ; On                 ;
; Force Use of Synchronous Clear Signals                                          ; Off                ; Off                ;
; Auto Resource Sharing                                                           ; Off                ; Off                ;
; Allow Any RAM Size For Recognition                                              ; Off                ; Off                ;
; Allow Any ROM Size For Recognition                                              ; Off                ; Off                ;
; Allow Any Shift Register Size For Recognition                                   ; Off                ; Off                ;
; Use LogicLock Constraints during Resource Balancing                             ; On                 ; On                 ;
; Ignore translate_off and synthesis_off directives                               ; Off                ; Off                ;
; Timing-Driven Synthesis                                                         ; On                 ; On                 ;
; Report Parameter Settings                                                       ; On                 ; On                 ;
; Report Source Assignments                                                       ; On                 ; On                 ;
; Report Connectivity Checks                                                      ; On                 ; On                 ;
; Ignore Maximum Fan-Out Assignments                                              ; Off                ; Off                ;
; Synchronization Register Chain Length                                           ; 3                  ; 3                  ;
; Power Optimization During Synthesis                                             ; Normal compilation ; Normal compilation ;
; HDL message level                                                               ; Level2             ; Level2             ;
; Suppress Register Optimization Related Messages                                 ; Off                ; Off                ;
; Number of Removed Registers Reported in Synthesis Report                        ; 5000               ; 5000               ;
; Number of Swept Nodes Reported in Synthesis Report                              ; 5000               ; 5000               ;
; Number of Inverted Registers Reported in Synthesis Report                       ; 100                ; 100                ;
; Clock MUX Protection                                                            ; On                 ; On                 ;
; Auto Gated Clock Conversion                                                     ; Off                ; Off                ;
; Block Design Naming                                                             ; Auto               ; Auto               ;
; SDC constraint protection                                                       ; Off                ; Off                ;
; Synthesis Effort                                                                ; Auto               ; Auto               ;
; Shift Register Replacement - Allow Asynchronous Clear Signal                    ; On                 ; On                 ;
; Pre-Mapping Resynthesis Optimization                                            ; Off                ; Off                ;
; Analysis & Synthesis Message Level                                              ; Medium             ; Medium             ;
; Disable Register Merging Across Hierarchies                                     ; Auto               ; Auto               ;
; Resource Aware Inference For Block RAM                                          ; On                 ; On                 ;
; Automatic Parallel Synthesis                                                    ; On                 ; On                 ;
; Partial Reconfiguration Bitstream ID                                            ; Off                ; Off                ;
+---------------------------------------------------------------------------------+--------------------+--------------------+


+------------------------------------------+
; Parallel Compilation                     ;
+----------------------------+-------------+
; Processors                 ; Number      ;
+----------------------------+-------------+
; Number detected on machine ; 4           ;
; Maximum allowed            ; 2           ;
;                            ;             ;
; Average used               ; 1.00        ;
; Maximum used               ; 2           ;
;                            ;             ;
; Usage by Processor         ; % Time Used ;
;     Processor 1            ; 100.0%      ;
;     Processor 2            ;   0.0%      ;
+----------------------------+-------------+


+-----------------------------------------------------------------------------------------------------------------------------------------------------------------------------------+
; Analysis & Synthesis Source Files Read                                                                                                                                            ;
+----------------------------------+-----------------+-----------------+--------------------------------------------------------------------------------------------------+---------+
; File Name with User-Entered Path ; Used in Netlist ; File Type       ; File Name with Absolute Path                                                                     ; Library ;
+----------------------------------+-----------------+-----------------+--------------------------------------------------------------------------------------------------+---------+
; mux4x1_nbits.vhd                 ; yes             ; User VHDL File  ; /home/jose/Desktop/LabDig/EXP6/Exp6_MuxDisplaysNaoFunciona_restored/mux4x1_nbits.vhd             ;         ;
; JogoReacao_v1.vhd                ; yes             ; User VHDL File  ; /home/jose/Desktop/LabDig/EXP6/Exp6_MuxDisplaysNaoFunciona_restored/JogoReacao_v1.vhd            ;         ;
; registrador16bits.vhd            ; yes             ; User VHDL File  ; /home/jose/Desktop/LabDig/EXP6/Exp6_MuxDisplaysNaoFunciona_restored/registrador16bits.vhd        ;         ;
; contador_modm.vhd                ; yes             ; User VHDL File  ; /home/jose/Desktop/LabDig/EXP6/Exp6_MuxDisplaysNaoFunciona_restored/contador_modm.vhd            ;         ;
; interface_FSM_v4.vhd             ; yes             ; User VHDL File  ; /home/jose/Desktop/LabDig/EXP6/Exp6_MuxDisplaysNaoFunciona_restored/interface_FSM_v4.vhd         ;         ;
; latch_sr.vhd                     ; yes             ; User VHDL File  ; /home/jose/Desktop/LabDig/EXP6/Exp6_MuxDisplaysNaoFunciona_restored/latch_sr.vhd                 ;         ;
; mux2x1_nbits.vhd                 ; yes             ; User VHDL File  ; /home/jose/Desktop/LabDig/EXP6/Exp6_MuxDisplaysNaoFunciona_restored/mux2x1_nbits.vhd             ;         ;
; hexa7seg.vhd                     ; yes             ; User VHDL File  ; /home/jose/Desktop/LabDig/EXP6/Exp6_MuxDisplaysNaoFunciona_restored/hexa7seg.vhd                 ;         ;
; medidor_largura.vhd              ; yes             ; User VHDL File  ; /home/jose/Desktop/LabDig/EXP6/Exp6_MuxDisplaysNaoFunciona_restored/medidor_largura.vhd          ;         ;
; contador_162.vhd                 ; yes             ; User VHDL File  ; /home/jose/Desktop/LabDig/EXP6/Exp6_MuxDisplaysNaoFunciona_restored/contador_162.vhd             ;         ;
; contador16bits_mod10.vhd         ; yes             ; User VHDL File  ; /home/jose/Desktop/LabDig/EXP6/Exp6_MuxDisplaysNaoFunciona_restored/contador16bits_mod10.vhd     ;         ;
; interface_leds_botoes_v2.vhd     ; yes             ; User VHDL File  ; /home/jose/Desktop/LabDig/EXP6/Exp6_MuxDisplaysNaoFunciona_restored/interface_leds_botoes_v2.vhd ;         ;
; controlador.vhd                  ; yes             ; User VHDL File  ; /home/jose/Desktop/LabDig/EXP6/Exp6_MuxDisplaysNaoFunciona_restored/controlador.vhd              ;         ;
; geraPulse.vhd                    ; yes             ; User VHDL File  ; /home/jose/Desktop/LabDig/EXP6/Exp6_MuxDisplaysNaoFunciona_restored/geraPulse.vhd                ;         ;
; controladorJogo.vhd              ; yes             ; User VHDL File  ; /home/jose/Desktop/LabDig/EXP6/Exp6_MuxDisplaysNaoFunciona_restored/controladorJogo.vhd          ;         ;
+----------------------------------+-----------------+-----------------+--------------------------------------------------------------------------------------------------+---------+


+----------------------------------------------------------------+
; Analysis & Synthesis Resource Usage Summary                    ;
+---------------------------------------------+------------------+
; Resource                                    ; Usage            ;
+---------------------------------------------+------------------+
; Estimate of Logic utilization (ALMs needed) ; 94               ;
;                                             ;                  ;
; Combinational ALUT usage for logic          ; 140              ;
;     -- 7 input functions                    ; 2                ;
;     -- 6 input functions                    ; 44               ;
;     -- 5 input functions                    ; 10               ;
;     -- 4 input functions                    ; 39               ;
;     -- <=3 input functions                  ; 45               ;
;                                             ;                  ;
; Dedicated logic registers                   ; 50               ;
;                                             ;                  ;
; I/O pins                                    ; 81               ;
;                                             ;                  ;
; Total DSP Blocks                            ; 0                ;
;                                             ;                  ;
; Maximum fan-out node                        ; sel_mux[1]~input ;
; Maximum fan-out                             ; 62               ;
; Total fan-out                               ; 909              ;
; Average fan-out                             ; 2.58             ;
+---------------------------------------------+------------------+


+----------------------------------------------------------------------------------------------------------------------------------------------------------------------------------------------------------------------------------------------------------------------------------+
; Analysis & Synthesis Resource Utilization by Entity                                                                                                                                                                                                                              ;
+-----------------------------------------+---------------------+---------------------------+-------------------+------------+------+--------------+-------------------------------------------------------------------------------------+--------------------------+--------------+
; Compilation Hierarchy Node              ; Combinational ALUTs ; Dedicated Logic Registers ; Block Memory Bits ; DSP Blocks ; Pins ; Virtual Pins ; Full Hierarchy Name                                                                 ; Entity Name              ; Library Name ;
+-----------------------------------------+---------------------+---------------------------+-------------------+------------+------+--------------+-------------------------------------------------------------------------------------+--------------------------+--------------+
; |JogoReacao_v1                          ; 140 (1)             ; 50 (0)                    ; 0                 ; 0          ; 81   ; 0            ; |JogoReacao_v1                                                                      ; JogoReacao_v1            ; work         ;
;    |controladorJogo:CONTROLADOR|        ; 7 (7)               ; 5 (5)                     ; 0                 ; 0          ; 0    ; 0            ; |JogoReacao_v1|controladorJogo:CONTROLADOR                                          ; controladorJogo          ; work         ;
;    |hexa7seg:DIS0|                      ; 8 (8)               ; 0 (0)                     ; 0                 ; 0          ; 0    ; 0            ; |JogoReacao_v1|hexa7seg:DIS0                                                        ; hexa7seg                 ; work         ;
;    |hexa7seg:DIS1|                      ; 8 (8)               ; 0 (0)                     ; 0                 ; 0          ; 0    ; 0            ; |JogoReacao_v1|hexa7seg:DIS1                                                        ; hexa7seg                 ; work         ;
;    |hexa7seg:DIS2|                      ; 8 (8)               ; 0 (0)                     ; 0                 ; 0          ; 0    ; 0            ; |JogoReacao_v1|hexa7seg:DIS2                                                        ; hexa7seg                 ; work         ;
;    |hexa7seg:DIS3|                      ; 8 (8)               ; 0 (0)                     ; 0                 ; 0          ; 0    ; 0            ; |JogoReacao_v1|hexa7seg:DIS3                                                        ; hexa7seg                 ; work         ;
;    |hexa7seg:DIS_ESTADO|                ; 7 (7)               ; 0 (0)                     ; 0                 ; 0          ; 0    ; 0            ; |JogoReacao_v1|hexa7seg:DIS_ESTADO                                                  ; hexa7seg                 ; work         ;
;    |interface_leds_botoes_v2:INTERFACE| ; 11 (0)              ; 8 (0)                     ; 0                 ; 0          ; 0    ; 0            ; |JogoReacao_v1|interface_leds_botoes_v2:INTERFACE                                   ; interface_leds_botoes_v2 ; work         ;
;       |Interface_FSM_v4:FSM|            ; 7 (7)               ; 6 (6)                     ; 0                 ; 0          ; 0    ; 0            ; |JogoReacao_v1|interface_leds_botoes_v2:INTERFACE|Interface_FSM_v4:FSM              ; Interface_FSM_v4         ; work         ;
;       |contador_modm:CONT_INICIO|       ; 2 (2)               ; 2 (2)                     ; 0                 ; 0          ; 0    ; 0            ; |JogoReacao_v1|interface_leds_botoes_v2:INTERFACE|contador_modm:CONT_INICIO         ; contador_modm            ; work         ;
;       |geraPulse:PULSE|                 ; 1 (1)               ; 0 (0)                     ; 0                 ; 0          ; 0    ; 0            ; |JogoReacao_v1|interface_leds_botoes_v2:INTERFACE|geraPulse:PULSE                   ; geraPulse                ; work         ;
;       |latch_sr:LATCH|                  ; 1 (1)               ; 0 (0)                     ; 0                 ; 0          ; 0    ; 0            ; |JogoReacao_v1|interface_leds_botoes_v2:INTERFACE|latch_sr:LATCH                    ; latch_sr                 ; work         ;
;    |medidor_largura:MEDIDOR|            ; 31 (0)              ; 37 (0)                    ; 0                 ; 0          ; 0    ; 0            ; |JogoReacao_v1|medidor_largura:MEDIDOR                                              ; medidor_largura          ; work         ;
;       |contador16bits_mod10:CONT|       ; 25 (0)              ; 16 (0)                    ; 0                 ; 0          ; 0    ; 0            ; |JogoReacao_v1|medidor_largura:MEDIDOR|contador16bits_mod10:CONT                    ; contador16bits_mod10     ; work         ;
;          |contador_162:CONT1|           ; 6 (6)               ; 4 (4)                     ; 0                 ; 0          ; 0    ; 0            ; |JogoReacao_v1|medidor_largura:MEDIDOR|contador16bits_mod10:CONT|contador_162:CONT1 ; contador_162             ; work         ;
;          |contador_162:CONT2|           ; 6 (6)               ; 4 (4)                     ; 0                 ; 0          ; 0    ; 0            ; |JogoReacao_v1|medidor_largura:MEDIDOR|contador16bits_mod10:CONT|contador_162:CONT2 ; contador_162             ; work         ;
;          |contador_162:CONT3|           ; 6 (6)               ; 4 (4)                     ; 0                 ; 0          ; 0    ; 0            ; |JogoReacao_v1|medidor_largura:MEDIDOR|contador16bits_mod10:CONT|contador_162:CONT3 ; contador_162             ; work         ;
;          |contador_162:CONT4|           ; 7 (7)               ; 4 (4)                     ; 0                 ; 0          ; 0    ; 0            ; |JogoReacao_v1|medidor_largura:MEDIDOR|contador16bits_mod10:CONT|contador_162:CONT4 ; contador_162             ; work         ;
;       |controlador:UC|                  ; 5 (5)               ; 5 (5)                     ; 0                 ; 0          ; 0    ; 0            ; |JogoReacao_v1|medidor_largura:MEDIDOR|controlador:UC                               ; controlador              ; work         ;
;       |registrador16bits:REG|           ; 1 (1)               ; 16 (16)                   ; 0                 ; 0          ; 0    ; 0            ; |JogoReacao_v1|medidor_largura:MEDIDOR|registrador16bits:REG                        ; registrador16bits        ; work         ;
;    |mux2x1_nbits:MUX|                   ; 16 (16)             ; 0 (0)                     ; 0                 ; 0          ; 0    ; 0            ; |JogoReacao_v1|mux2x1_nbits:MUX                                                     ; mux2x1_nbits             ; work         ;
;    |mux4x1_nbits:MUX_DISP0|             ; 4 (4)               ; 0 (0)                     ; 0                 ; 0          ; 0    ; 0            ; |JogoReacao_v1|mux4x1_nbits:MUX_DISP0                                               ; mux4x1_nbits             ; work         ;
;    |mux4x1_nbits:MUX_DISP1|             ; 3 (3)               ; 0 (0)                     ; 0                 ; 0          ; 0    ; 0            ; |JogoReacao_v1|mux4x1_nbits:MUX_DISP1                                               ; mux4x1_nbits             ; work         ;
;    |mux4x1_nbits:MUX_DISP2|             ; 3 (3)               ; 0 (0)                     ; 0                 ; 0          ; 0    ; 0            ; |JogoReacao_v1|mux4x1_nbits:MUX_DISP2                                               ; mux4x1_nbits             ; work         ;
;    |mux4x1_nbits:MUX_DISP3|             ; 3 (3)               ; 0 (0)                     ; 0                 ; 0          ; 0    ; 0            ; |JogoReacao_v1|mux4x1_nbits:MUX_DISP3                                               ; mux4x1_nbits             ; work         ;
;    |mux4x1_nbits:MUX_DISP5|             ; 13 (13)             ; 0 (0)                     ; 0                 ; 0          ; 0    ; 0            ; |JogoReacao_v1|mux4x1_nbits:MUX_DISP5                                               ; mux4x1_nbits             ; work         ;
;    |mux4x1_nbits:MUX_LED0|              ; 1 (1)               ; 0 (0)                     ; 0                 ; 0          ; 0    ; 0            ; |JogoReacao_v1|mux4x1_nbits:MUX_LED0                                                ; mux4x1_nbits             ; work         ;
;    |mux4x1_nbits:MUX_LED1|              ; 1 (1)               ; 0 (0)                     ; 0                 ; 0          ; 0    ; 0            ; |JogoReacao_v1|mux4x1_nbits:MUX_LED1                                                ; mux4x1_nbits             ; work         ;
;    |mux4x1_nbits:MUX_LED2|              ; 1 (1)               ; 0 (0)                     ; 0                 ; 0          ; 0    ; 0            ; |JogoReacao_v1|mux4x1_nbits:MUX_LED2                                                ; mux4x1_nbits             ; work         ;
;    |mux4x1_nbits:MUX_LED4|              ; 1 (1)               ; 0 (0)                     ; 0                 ; 0          ; 0    ; 0            ; |JogoReacao_v1|mux4x1_nbits:MUX_LED4                                                ; mux4x1_nbits             ; work         ;
;    |mux4x1_nbits:MUX_LED5|              ; 1 (1)               ; 0 (0)                     ; 0                 ; 0          ; 0    ; 0            ; |JogoReacao_v1|mux4x1_nbits:MUX_LED5                                                ; mux4x1_nbits             ; work         ;
;    |mux4x1_nbits:MUX_LED6|              ; 1 (1)               ; 0 (0)                     ; 0                 ; 0          ; 0    ; 0            ; |JogoReacao_v1|mux4x1_nbits:MUX_LED6                                                ; mux4x1_nbits             ; work         ;
;    |mux4x1_nbits:MUX_LED7|              ; 1 (1)               ; 0 (0)                     ; 0                 ; 0          ; 0    ; 0            ; |JogoReacao_v1|mux4x1_nbits:MUX_LED7                                                ; mux4x1_nbits             ; work         ;
;    |mux4x1_nbits:MUX_LED8|              ; 1 (1)               ; 0 (0)                     ; 0                 ; 0          ; 0    ; 0            ; |JogoReacao_v1|mux4x1_nbits:MUX_LED8                                                ; mux4x1_nbits             ; work         ;
;    |mux4x1_nbits:MUX_LED9|              ; 1 (1)               ; 0 (0)                     ; 0                 ; 0          ; 0    ; 0            ; |JogoReacao_v1|mux4x1_nbits:MUX_LED9                                                ; mux4x1_nbits             ; work         ;
+-----------------------------------------+---------------------+---------------------------+-------------------+------------+------+--------------+-------------------------------------------------------------------------------------+--------------------------+--------------+
Note: For table entries with two numbers listed, the numbers in parentheses indicate the number of resources of the given type used by the specific entity alone. The numbers listed outside of parentheses indicate the total resources of the given type used by the specific entity and all of its sub-entities in the hierarchy.


Encoding Type:  One-Hot
+---------------------------------------------------------------------------------------------------+
; State Machine - |JogoReacao_v1|controladorJogo:CONTROLADOR|Eatual                                 ;
+-------------------+-------------------+-------------+-------------+--------------+----------------+
; Name              ; Eatual.JOGOPRONTO ; Eatual.ERRO ; Eatual.LIGA ; Eatual.LIGA1 ; Eatual.INICIAL ;
+-------------------+-------------------+-------------+-------------+--------------+----------------+
; Eatual.INICIAL    ; 0                 ; 0           ; 0           ; 0            ; 0              ;
; Eatual.LIGA1      ; 0                 ; 0           ; 0           ; 1            ; 1              ;
; Eatual.LIGA       ; 0                 ; 0           ; 1           ; 0            ; 1              ;
; Eatual.ERRO       ; 0                 ; 1           ; 0           ; 0            ; 1              ;
; Eatual.JOGOPRONTO ; 1                 ; 0           ; 0           ; 0            ; 1              ;
+-------------------+-------------------+-------------+-------------+--------------+----------------+


Encoding Type:  One-Hot
+---------------------------------------------------------------------------------+
; State Machine - |JogoReacao_v1|medidor_largura:MEDIDOR|controlador:UC|Ereg      ;
+--------------+----------+-------------+------------+-------------+--------------+
; Name         ; Ereg.FIM ; Ereg.ESPERA ; Ereg.CONTA ; Ereg.LIGADO ; Ereg.INICIAL ;
+--------------+----------+-------------+------------+-------------+--------------+
; Ereg.INICIAL ; 0        ; 0           ; 0          ; 0           ; 0            ;
; Ereg.LIGADO  ; 0        ; 0           ; 0          ; 1           ; 1            ;
; Ereg.CONTA   ; 0        ; 0           ; 1          ; 0           ; 1            ;
; Ereg.ESPERA  ; 0        ; 1           ; 0          ; 0           ; 1            ;
; Ereg.FIM     ; 1        ; 0           ; 0          ; 0           ; 1            ;
+--------------+----------+-------------+------------+-------------+--------------+


Encoding Type:  One-Hot
+---------------------------------------------------------------------------------------------------+
; State Machine - |JogoReacao_v1|interface_leds_botoes_v2:INTERFACE|Interface_FSM_v4:FSM|Ereg       ;
+---------------+----------+-------------+---------------+-----------+---------------+--------------+
; Name          ; Ereg.FIM ; Ereg.ESPERA ; Ereg.ESTIMULO ; Ereg.ERRO ; Ereg.CONTANDO ; Ereg.INICIAL ;
+---------------+----------+-------------+---------------+-----------+---------------+--------------+
; Ereg.INICIAL  ; 0        ; 0           ; 0             ; 0         ; 0             ; 0            ;
; Ereg.CONTANDO ; 0        ; 0           ; 0             ; 0         ; 1             ; 1            ;
; Ereg.ERRO     ; 0        ; 0           ; 0             ; 1         ; 0             ; 1            ;
; Ereg.ESTIMULO ; 0        ; 0           ; 1             ; 0         ; 0             ; 1            ;
; Ereg.ESPERA   ; 0        ; 1           ; 0             ; 0         ; 0             ; 1            ;
; Ereg.FIM      ; 1        ; 0           ; 0             ; 0         ; 0             ; 1            ;
+---------------+----------+-------------+---------------+-----------+---------------+--------------+


+-----------------------------------------------------------------------------------------------------+
; User-Specified and Inferred Latches                                                                 ;
+------------------------------------------------------+---------------------+------------------------+
; Latch Name                                           ; Latch Enable Signal ; Free of Timing Hazards ;
+------------------------------------------------------+---------------------+------------------------+
; interface_leds_botoes_v2:INTERFACE|latch_sr:LATCH|iq ; GND                 ; yes                    ;
; Number of user-specified and inferred latches = 1    ;                     ;                        ;
+------------------------------------------------------+---------------------+------------------------+
Note: All latches listed above may not be present at the end of synthesis due to various synthesis optimizations.


+------------------------------------------------------+
; General Register Statistics                          ;
+----------------------------------------------+-------+
; Statistic                                    ; Value ;
+----------------------------------------------+-------+
; Total registers                              ; 50    ;
; Number of registers using Synchronous Clear  ; 16    ;
; Number of registers using Synchronous Load   ; 0     ;
; Number of registers using Asynchronous Clear ; 18    ;
; Number of registers using Asynchronous Load  ; 0     ;
; Number of registers using Clock Enable       ; 34    ;
; Number of registers using Preset             ; 0     ;
+----------------------------------------------+-------+


+---------------------------------------------------------------------------------------------------------------------------------------------------------------------------------------------------------+
; Multiplexer Restructuring Statistics (Restructuring Performed)                                                                                                                                          ;
+--------------------+-----------+---------------+----------------------+------------------------+------------+-------------------------------------------------------------------------------------------+
; Multiplexer Inputs ; Bus Width ; Baseline Area ; Area if Restructured ; Saving if Restructured ; Registered ; Example Multiplexer Output                                                                ;
+--------------------+-----------+---------------+----------------------+------------------------+------------+-------------------------------------------------------------------------------------------+
; 3:1                ; 16 bits   ; 32 LEs        ; 0 LEs                ; 32 LEs                 ; Yes        ; |JogoReacao_v1|medidor_largura:MEDIDOR|registrador16bits:REG|IQ[6]                        ;
; 4:1                ; 4 bits    ; 8 LEs         ; 8 LEs                ; 0 LEs                  ; Yes        ; |JogoReacao_v1|medidor_largura:MEDIDOR|contador16bits_mod10:CONT|contador_162:CONT2|IQ[2] ;
; 4:1                ; 4 bits    ; 8 LEs         ; 8 LEs                ; 0 LEs                  ; Yes        ; |JogoReacao_v1|medidor_largura:MEDIDOR|contador16bits_mod10:CONT|contador_162:CONT1|IQ[0] ;
; 4:1                ; 4 bits    ; 8 LEs         ; 8 LEs                ; 0 LEs                  ; Yes        ; |JogoReacao_v1|medidor_largura:MEDIDOR|contador16bits_mod10:CONT|contador_162:CONT3|IQ[1] ;
; 4:1                ; 4 bits    ; 8 LEs         ; 8 LEs                ; 0 LEs                  ; Yes        ; |JogoReacao_v1|medidor_largura:MEDIDOR|contador16bits_mod10:CONT|contador_162:CONT4|IQ[0] ;
; 4:1                ; 16 bits   ; 32 LEs        ; 32 LEs               ; 0 LEs                  ; No         ; |JogoReacao_v1|mux4x1_nbits:MUX_DISP3|Mux3                                                ;
; 4:1                ; 5 bits    ; 10 LEs        ; 10 LEs               ; 0 LEs                  ; No         ; |JogoReacao_v1|mux4x1_nbits:MUX_DISP5|Mux3                                                ;
+--------------------+-----------+---------------+----------------------+------------------------+------------+-------------------------------------------------------------------------------------------+


+-----------------------------------------------------------------------------------------------------------+
; Parameter Settings for User Entity Instance: interface_leds_botoes_v2:INTERFACE|contador_modm:CONT_INICIO ;
+----------------+-------+----------------------------------------------------------------------------------+
; Parameter Name ; Value ; Type                                                                             ;
+----------------+-------+----------------------------------------------------------------------------------+
; m              ; 3     ; Signed Integer                                                                   ;
+----------------+-------+----------------------------------------------------------------------------------+
Note: In order to hide this table in the UI and the text report file, please set the "Show Parameter Settings in Synthesis Report" option in "Analysis and Synthesis Settings -> More Settings" to "Off".


+---------------------------------------------------------------+
; Parameter Settings for User Entity Instance: mux2x1_nbits:MUX ;
+----------------+-------+--------------------------------------+
; Parameter Name ; Value ; Type                                 ;
+----------------+-------+--------------------------------------+
; n              ; 16    ; Signed Integer                       ;
+----------------+-------+--------------------------------------+
Note: In order to hide this table in the UI and the text report file, please set the "Show Parameter Settings in Synthesis Report" option in "Analysis and Synthesis Settings -> More Settings" to "Off".


+---------------------------------------------------------------------+
; Parameter Settings for User Entity Instance: mux4x1_nbits:MUX_DISP0 ;
+----------------+-------+--------------------------------------------+
; Parameter Name ; Value ; Type                                       ;
+----------------+-------+--------------------------------------------+
; n              ; 4     ; Signed Integer                             ;
+----------------+-------+--------------------------------------------+
Note: In order to hide this table in the UI and the text report file, please set the "Show Parameter Settings in Synthesis Report" option in "Analysis and Synthesis Settings -> More Settings" to "Off".


+---------------------------------------------------------------------+
; Parameter Settings for User Entity Instance: mux4x1_nbits:MUX_DISP1 ;
+----------------+-------+--------------------------------------------+
; Parameter Name ; Value ; Type                                       ;
+----------------+-------+--------------------------------------------+
; n              ; 4     ; Signed Integer                             ;
+----------------+-------+--------------------------------------------+
Note: In order to hide this table in the UI and the text report file, please set the "Show Parameter Settings in Synthesis Report" option in "Analysis and Synthesis Settings -> More Settings" to "Off".


+---------------------------------------------------------------------+
; Parameter Settings for User Entity Instance: mux4x1_nbits:MUX_DISP2 ;
+----------------+-------+--------------------------------------------+
; Parameter Name ; Value ; Type                                       ;
+----------------+-------+--------------------------------------------+
; n              ; 4     ; Signed Integer                             ;
+----------------+-------+--------------------------------------------+
Note: In order to hide this table in the UI and the text report file, please set the "Show Parameter Settings in Synthesis Report" option in "Analysis and Synthesis Settings -> More Settings" to "Off".


+---------------------------------------------------------------------+
; Parameter Settings for User Entity Instance: mux4x1_nbits:MUX_DISP3 ;
+----------------+-------+--------------------------------------------+
; Parameter Name ; Value ; Type                                       ;
+----------------+-------+--------------------------------------------+
; n              ; 4     ; Signed Integer                             ;
+----------------+-------+--------------------------------------------+
Note: In order to hide this table in the UI and the text report file, please set the "Show Parameter Settings in Synthesis Report" option in "Analysis and Synthesis Settings -> More Settings" to "Off".


+---------------------------------------------------------------------+
; Parameter Settings for User Entity Instance: mux4x1_nbits:MUX_DISP4 ;
+----------------+-------+--------------------------------------------+
; Parameter Name ; Value ; Type                                       ;
+----------------+-------+--------------------------------------------+
; n              ; 4     ; Signed Integer                             ;
+----------------+-------+--------------------------------------------+
Note: In order to hide this table in the UI and the text report file, please set the "Show Parameter Settings in Synthesis Report" option in "Analysis and Synthesis Settings -> More Settings" to "Off".


+---------------------------------------------------------------------+
; Parameter Settings for User Entity Instance: mux4x1_nbits:MUX_DISP5 ;
+----------------+-------+--------------------------------------------+
; Parameter Name ; Value ; Type                                       ;
+----------------+-------+--------------------------------------------+
; n              ; 4     ; Signed Integer                             ;
+----------------+-------+--------------------------------------------+
Note: In order to hide this table in the UI and the text report file, please set the "Show Parameter Settings in Synthesis Report" option in "Analysis and Synthesis Settings -> More Settings" to "Off".


+--------------------------------------------------------------------+
; Parameter Settings for User Entity Instance: mux4x1_nbits:MUX_LED0 ;
+----------------+-------+-------------------------------------------+
; Parameter Name ; Value ; Type                                      ;
+----------------+-------+-------------------------------------------+
; n              ; 1     ; Signed Integer                            ;
+----------------+-------+-------------------------------------------+
Note: In order to hide this table in the UI and the text report file, please set the "Show Parameter Settings in Synthesis Report" option in "Analysis and Synthesis Settings -> More Settings" to "Off".


+--------------------------------------------------------------------+
; Parameter Settings for User Entity Instance: mux4x1_nbits:MUX_LED1 ;
+----------------+-------+-------------------------------------------+
; Parameter Name ; Value ; Type                                      ;
+----------------+-------+-------------------------------------------+
; n              ; 1     ; Signed Integer                            ;
+----------------+-------+-------------------------------------------+
Note: In order to hide this table in the UI and the text report file, please set the "Show Parameter Settings in Synthesis Report" option in "Analysis and Synthesis Settings -> More Settings" to "Off".


+--------------------------------------------------------------------+
; Parameter Settings for User Entity Instance: mux4x1_nbits:MUX_LED2 ;
+----------------+-------+-------------------------------------------+
; Parameter Name ; Value ; Type                                      ;
+----------------+-------+-------------------------------------------+
; n              ; 1     ; Signed Integer                            ;
+----------------+-------+-------------------------------------------+
Note: In order to hide this table in the UI and the text report file, please set the "Show Parameter Settings in Synthesis Report" option in "Analysis and Synthesis Settings -> More Settings" to "Off".


+--------------------------------------------------------------------+
; Parameter Settings for User Entity Instance: mux4x1_nbits:MUX_LED3 ;
+----------------+-------+-------------------------------------------+
; Parameter Name ; Value ; Type                                      ;
+----------------+-------+-------------------------------------------+
; n              ; 1     ; Signed Integer                            ;
+----------------+-------+-------------------------------------------+
Note: In order to hide this table in the UI and the text report file, please set the "Show Parameter Settings in Synthesis Report" option in "Analysis and Synthesis Settings -> More Settings" to "Off".


+--------------------------------------------------------------------+
; Parameter Settings for User Entity Instance: mux4x1_nbits:MUX_LED4 ;
+----------------+-------+-------------------------------------------+
; Parameter Name ; Value ; Type                                      ;
+----------------+-------+-------------------------------------------+
; n              ; 1     ; Signed Integer                            ;
+----------------+-------+-------------------------------------------+
Note: In order to hide this table in the UI and the text report file, please set the "Show Parameter Settings in Synthesis Report" option in "Analysis and Synthesis Settings -> More Settings" to "Off".


+--------------------------------------------------------------------+
; Parameter Settings for User Entity Instance: mux4x1_nbits:MUX_LED5 ;
+----------------+-------+-------------------------------------------+
; Parameter Name ; Value ; Type                                      ;
+----------------+-------+-------------------------------------------+
; n              ; 1     ; Signed Integer                            ;
+----------------+-------+-------------------------------------------+
Note: In order to hide this table in the UI and the text report file, please set the "Show Parameter Settings in Synthesis Report" option in "Analysis and Synthesis Settings -> More Settings" to "Off".


+--------------------------------------------------------------------+
; Parameter Settings for User Entity Instance: mux4x1_nbits:MUX_LED6 ;
+----------------+-------+-------------------------------------------+
; Parameter Name ; Value ; Type                                      ;
+----------------+-------+-------------------------------------------+
; n              ; 1     ; Signed Integer                            ;
+----------------+-------+-------------------------------------------+
Note: In order to hide this table in the UI and the text report file, please set the "Show Parameter Settings in Synthesis Report" option in "Analysis and Synthesis Settings -> More Settings" to "Off".


+--------------------------------------------------------------------+
; Parameter Settings for User Entity Instance: mux4x1_nbits:MUX_LED7 ;
+----------------+-------+-------------------------------------------+
; Parameter Name ; Value ; Type                                      ;
+----------------+-------+-------------------------------------------+
; n              ; 1     ; Signed Integer                            ;
+----------------+-------+-------------------------------------------+
Note: In order to hide this table in the UI and the text report file, please set the "Show Parameter Settings in Synthesis Report" option in "Analysis and Synthesis Settings -> More Settings" to "Off".


+--------------------------------------------------------------------+
; Parameter Settings for User Entity Instance: mux4x1_nbits:MUX_LED8 ;
+----------------+-------+-------------------------------------------+
; Parameter Name ; Value ; Type                                      ;
+----------------+-------+-------------------------------------------+
; n              ; 1     ; Signed Integer                            ;
+----------------+-------+-------------------------------------------+
Note: In order to hide this table in the UI and the text report file, please set the "Show Parameter Settings in Synthesis Report" option in "Analysis and Synthesis Settings -> More Settings" to "Off".


+--------------------------------------------------------------------+
; Parameter Settings for User Entity Instance: mux4x1_nbits:MUX_LED9 ;
+----------------+-------+-------------------------------------------+
; Parameter Name ; Value ; Type                                      ;
+----------------+-------+-------------------------------------------+
; n              ; 1     ; Signed Integer                            ;
+----------------+-------+-------------------------------------------+
Note: In order to hide this table in the UI and the text report file, please set the "Show Parameter Settings in Synthesis Report" option in "Analysis and Synthesis Settings -> More Settings" to "Off".


+---------------------------------------------------+
; Port Connectivity Checks: "mux4x1_nbits:MUX_LED9" ;
+------+-------+----------+-------------------------+
; Port ; Type  ; Severity ; Details                 ;
+------+-------+----------+-------------------------+
; d    ; Input ; Info     ; Stuck at GND            ;
+------+-------+----------+-------------------------+


+---------------------------------------------------+
; Port Connectivity Checks: "mux4x1_nbits:MUX_LED8" ;
+------+-------+----------+-------------------------+
; Port ; Type  ; Severity ; Details                 ;
+------+-------+----------+-------------------------+
; a    ; Input ; Info     ; Stuck at GND            ;
; b    ; Input ; Info     ; Stuck at GND            ;
; d    ; Input ; Info     ; Stuck at GND            ;
+------+-------+----------+-------------------------+


+---------------------------------------------------+
; Port Connectivity Checks: "mux4x1_nbits:MUX_LED7" ;
+------+-------+----------+-------------------------+
; Port ; Type  ; Severity ; Details                 ;
+------+-------+----------+-------------------------+
; a    ; Input ; Info     ; Stuck at GND            ;
; b    ; Input ; Info     ; Stuck at GND            ;
; d    ; Input ; Info     ; Stuck at GND            ;
+------+-------+----------+-------------------------+


+---------------------------------------------------+
; Port Connectivity Checks: "mux4x1_nbits:MUX_LED6" ;
+------+-------+----------+-------------------------+
; Port ; Type  ; Severity ; Details                 ;
+------+-------+----------+-------------------------+
; a    ; Input ; Info     ; Stuck at GND            ;
; b    ; Input ; Info     ; Stuck at GND            ;
; d    ; Input ; Info     ; Stuck at GND            ;
+------+-------+----------+-------------------------+


+---------------------------------------------------+
; Port Connectivity Checks: "mux4x1_nbits:MUX_LED5" ;
+------+-------+----------+-------------------------+
; Port ; Type  ; Severity ; Details                 ;
+------+-------+----------+-------------------------+
; a    ; Input ; Info     ; Stuck at GND            ;
; b    ; Input ; Info     ; Stuck at GND            ;
; d    ; Input ; Info     ; Stuck at GND            ;
+------+-------+----------+-------------------------+


+---------------------------------------------------+
; Port Connectivity Checks: "mux4x1_nbits:MUX_LED4" ;
+------+-------+----------+-------------------------+
; Port ; Type  ; Severity ; Details                 ;
+------+-------+----------+-------------------------+
; a    ; Input ; Info     ; Stuck at GND            ;
; c    ; Input ; Info     ; Stuck at GND            ;
; d    ; Input ; Info     ; Stuck at GND            ;
+------+-------+----------+-------------------------+


+---------------------------------------------------+
; Port Connectivity Checks: "mux4x1_nbits:MUX_LED3" ;
+------+-------+----------+-------------------------+
; Port ; Type  ; Severity ; Details                 ;
+------+-------+----------+-------------------------+
; a    ; Input ; Info     ; Stuck at GND            ;
; c    ; Input ; Info     ; Stuck at GND            ;
; d    ; Input ; Info     ; Stuck at GND            ;
+------+-------+----------+-------------------------+


+---------------------------------------------------+
; Port Connectivity Checks: "mux4x1_nbits:MUX_LED2" ;
+------+-------+----------+-------------------------+
; Port ; Type  ; Severity ; Details                 ;
+------+-------+----------+-------------------------+
; a    ; Input ; Info     ; Stuck at GND            ;
; c    ; Input ; Info     ; Stuck at GND            ;
; d    ; Input ; Info     ; Stuck at GND            ;
+------+-------+----------+-------------------------+


+---------------------------------------------------+
; Port Connectivity Checks: "mux4x1_nbits:MUX_LED1" ;
+------+-------+----------+-------------------------+
; Port ; Type  ; Severity ; Details                 ;
+------+-------+----------+-------------------------+
; a    ; Input ; Info     ; Stuck at GND            ;
; c    ; Input ; Info     ; Stuck at GND            ;
; d    ; Input ; Info     ; Stuck at GND            ;
+------+-------+----------+-------------------------+


+---------------------------------------------------+
; Port Connectivity Checks: "mux4x1_nbits:MUX_LED0" ;
+------+-------+----------+-------------------------+
; Port ; Type  ; Severity ; Details                 ;
+------+-------+----------+-------------------------+
; b    ; Input ; Info     ; Stuck at GND            ;
; c    ; Input ; Info     ; Stuck at GND            ;
; d    ; Input ; Info     ; Stuck at GND            ;
+------+-------+----------+-------------------------+


+----------------------------------------------------+
; Port Connectivity Checks: "mux4x1_nbits:MUX_DISP5" ;
+------+-------+----------+--------------------------+
; Port ; Type  ; Severity ; Details                  ;
+------+-------+----------+--------------------------+
; d    ; Input ; Info     ; Stuck at GND             ;
+------+-------+----------+--------------------------+


+----------------------------------------------------+
; Port Connectivity Checks: "mux4x1_nbits:MUX_DISP4" ;
+------+-------+----------+--------------------------+
; Port ; Type  ; Severity ; Details                  ;
+------+-------+----------+--------------------------+
; a    ; Input ; Info     ; Stuck at GND             ;
; b    ; Input ; Info     ; Stuck at GND             ;
; c    ; Input ; Info     ; Stuck at GND             ;
; d    ; Input ; Info     ; Stuck at GND             ;
+------+-------+----------+--------------------------+


+----------------------------------------------------+
; Port Connectivity Checks: "mux4x1_nbits:MUX_DISP3" ;
+------+-------+----------+--------------------------+
; Port ; Type  ; Severity ; Details                  ;
+------+-------+----------+--------------------------+
; c    ; Input ; Info     ; Stuck at GND             ;
; d    ; Input ; Info     ; Stuck at GND             ;
+------+-------+----------+--------------------------+


+----------------------------------------------------+
; Port Connectivity Checks: "mux4x1_nbits:MUX_DISP2" ;
+------+-------+----------+--------------------------+
; Port ; Type  ; Severity ; Details                  ;
+------+-------+----------+--------------------------+
; c    ; Input ; Info     ; Stuck at GND             ;
; d    ; Input ; Info     ; Stuck at GND             ;
+------+-------+----------+--------------------------+


+----------------------------------------------------+
; Port Connectivity Checks: "mux4x1_nbits:MUX_DISP1" ;
+------+-------+----------+--------------------------+
; Port ; Type  ; Severity ; Details                  ;
+------+-------+----------+--------------------------+
; c    ; Input ; Info     ; Stuck at GND             ;
; d    ; Input ; Info     ; Stuck at GND             ;
+------+-------+----------+--------------------------+


+----------------------------------------------------+
; Port Connectivity Checks: "mux4x1_nbits:MUX_DISP0" ;
+------+-------+----------+--------------------------+
; Port ; Type  ; Severity ; Details                  ;
+------+-------+----------+--------------------------+
; c    ; Input ; Info     ; Stuck at GND             ;
; d    ; Input ; Info     ; Stuck at GND             ;
+------+-------+----------+--------------------------+


+----------------------------------------------+
; Port Connectivity Checks: "mux2x1_nbits:MUX" ;
+-----------+-------+----------+---------------+
; Port      ; Type  ; Severity ; Details       ;
+-----------+-------+----------+---------------+
; b[12..11] ; Input ; Info     ; Stuck at VCC  ;
; b[8..7]   ; Input ; Info     ; Stuck at VCC  ;
; b[4..3]   ; Input ; Info     ; Stuck at VCC  ;
; b[14..13] ; Input ; Info     ; Stuck at GND  ;
; b[10..9]  ; Input ; Info     ; Stuck at GND  ;
; b[6..5]   ; Input ; Info     ; Stuck at GND  ;
; b[2..1]   ; Input ; Info     ; Stuck at GND  ;
; b[15]     ; Input ; Info     ; Stuck at VCC  ;
; b[0]      ; Input ; Info     ; Stuck at VCC  ;
+-----------+-------+----------+---------------+


+----------------------------------------------------------------------------------------------------------------------+
; Port Connectivity Checks: "controladorJogo:CONTROLADOR"                                                              ;
+------------+--------+----------+-------------------------------------------------------------------------------------+
; Port       ; Type   ; Severity ; Details                                                                             ;
+------------+--------+----------+-------------------------------------------------------------------------------------+
; fimespera  ; Input  ; Info     ; Stuck at GND                                                                        ;
; ligaespera ; Output ; Info     ; Connected to dangling logic. Logic that only feeds a dangling port will be removed. ;
+------------+--------+----------+-------------------------------------------------------------------------------------+


+--------------------------------------------------------------------------------------------------+
; Port Connectivity Checks: "medidor_largura:MEDIDOR|contador16bits_mod10:CONT|contador_162:CONT4" ;
+------+-------+----------+------------------------------------------------------------------------+
; Port ; Type  ; Severity ; Details                                                                ;
+------+-------+----------+------------------------------------------------------------------------+
; ld   ; Input ; Info     ; Stuck at VCC                                                           ;
; d    ; Input ; Info     ; Stuck at VCC                                                           ;
+------+-------+----------+------------------------------------------------------------------------+


+--------------------------------------------------------------------------------------------------+
; Port Connectivity Checks: "medidor_largura:MEDIDOR|contador16bits_mod10:CONT|contador_162:CONT3" ;
+------+-------+----------+------------------------------------------------------------------------+
; Port ; Type  ; Severity ; Details                                                                ;
+------+-------+----------+------------------------------------------------------------------------+
; ld   ; Input ; Info     ; Stuck at VCC                                                           ;
; d    ; Input ; Info     ; Stuck at VCC                                                           ;
+------+-------+----------+------------------------------------------------------------------------+


+--------------------------------------------------------------------------------------------------+
; Port Connectivity Checks: "medidor_largura:MEDIDOR|contador16bits_mod10:CONT|contador_162:CONT2" ;
+------+-------+----------+------------------------------------------------------------------------+
; Port ; Type  ; Severity ; Details                                                                ;
+------+-------+----------+------------------------------------------------------------------------+
; ld   ; Input ; Info     ; Stuck at VCC                                                           ;
; d    ; Input ; Info     ; Stuck at VCC                                                           ;
+------+-------+----------+------------------------------------------------------------------------+


+--------------------------------------------------------------------------------------------------+
; Port Connectivity Checks: "medidor_largura:MEDIDOR|contador16bits_mod10:CONT|contador_162:CONT1" ;
+------+-------+----------+------------------------------------------------------------------------+
; Port ; Type  ; Severity ; Details                                                                ;
+------+-------+----------+------------------------------------------------------------------------+
; ld   ; Input ; Info     ; Stuck at VCC                                                           ;
; ent  ; Input ; Info     ; Stuck at VCC                                                           ;
; d    ; Input ; Info     ; Stuck at VCC                                                           ;
+------+-------+----------+------------------------------------------------------------------------+


+----------------------------------------------------------------------------------------------------------------------+
; Port Connectivity Checks: "medidor_largura:MEDIDOR"                                                                  ;
+------------+--------+----------+-------------------------------------------------------------------------------------+
; Port       ; Type   ; Severity ; Details                                                                             ;
+------------+--------+----------+-------------------------------------------------------------------------------------+
; db_largura ; Output ; Info     ; Connected to dangling logic. Logic that only feeds a dangling port will be removed. ;
+------------+--------+----------+-------------------------------------------------------------------------------------+


+---------------------------------------------------------------------------------------------------------------------------+
; Port Connectivity Checks: "interface_leds_botoes_v2:INTERFACE|Interface_FSM_v4:FSM"                                       ;
+-----------------+--------+----------+-------------------------------------------------------------------------------------+
; Port            ; Type   ; Severity ; Details                                                                             ;
+-----------------+--------+----------+-------------------------------------------------------------------------------------+
; db_clock        ; Output ; Info     ; Connected to dangling logic. Logic that only feeds a dangling port will be removed. ;
; db_erro_sin     ; Output ; Info     ; Connected to dangling logic. Logic that only feeds a dangling port will be removed. ;
; db_estimulo_sin ; Output ; Info     ; Connected to dangling logic. Logic that only feeds a dangling port will be removed. ;
+-----------------+--------+----------+-------------------------------------------------------------------------------------+


+----------------------------------------------------------------------------------------------------------------+
; Port Connectivity Checks: "interface_leds_botoes_v2:INTERFACE|contador_modm:CONT_INICIO"                       ;
+------+--------+----------+-------------------------------------------------------------------------------------+
; Port ; Type   ; Severity ; Details                                                                             ;
+------+--------+----------+-------------------------------------------------------------------------------------+
; q    ; Output ; Info     ; Connected to dangling logic. Logic that only feeds a dangling port will be removed. ;
+------+--------+----------+-------------------------------------------------------------------------------------+


+-----------------------------------------------------------------------------------------------------------------------+
; Port Connectivity Checks: "interface_leds_botoes_v2:INTERFACE"                                                        ;
+-------------+--------+----------+-------------------------------------------------------------------------------------+
; Port        ; Type   ; Severity ; Details                                                                             ;
+-------------+--------+----------+-------------------------------------------------------------------------------------+
; db_clock    ; Output ; Info     ; Connected to dangling logic. Logic that only feeds a dangling port will be removed. ;
; db_erro     ; Output ; Info     ; Connected to dangling logic. Logic that only feeds a dangling port will be removed. ;
; db_estimulo ; Output ; Info     ; Connected to dangling logic. Logic that only feeds a dangling port will be removed. ;
+-------------+--------+----------+-------------------------------------------------------------------------------------+


+-----------------------------------------------------+
; Post-Synthesis Netlist Statistics for Top Partition ;
+-----------------------+-----------------------------+
; Type                  ; Count                       ;
+-----------------------+-----------------------------+
; arriav_ff             ; 50                          ;
;     CLR               ; 16                          ;
;     ENA               ; 16                          ;
;     ENA CLR           ; 2                           ;
;     ENA SCLR          ; 16                          ;
; arriav_lcell_comb     ; 149                         ;
;     extend            ; 2                           ;
;         7 data inputs ; 2                           ;
;     normal            ; 147                         ;
;         0 data inputs ; 2                           ;
;         1 data inputs ; 7                           ;
;         2 data inputs ; 27                          ;
;         3 data inputs ; 18                          ;
;         4 data inputs ; 39                          ;
;         5 data inputs ; 10                          ;
;         6 data inputs ; 44                          ;
; boundary_port         ; 81                          ;
;                       ;                             ;
; Max LUT depth         ; 3.00                        ;
; Average LUT depth     ; 1.89                        ;
+-----------------------+-----------------------------+


+-------------------------------+
; Elapsed Time Per Partition    ;
+----------------+--------------+
; Partition Name ; Elapsed Time ;
+----------------+--------------+
; Top            ; 00:00:01     ;
+----------------+--------------+


+-------------------------------+
; Analysis & Synthesis Messages ;
+-------------------------------+
Info: *******************************************************************
Info: Running Quartus Prime Analysis & Synthesis
    Info: Version 18.0.0 Build 614 04/24/2018 SJ Lite Edition
    Info: Processing started: Mon Mar  2 11:08:38 2020
Info: Command: quartus_map --read_settings_files=on --write_settings_files=off JogoReacao_v1 -c JogoReacao_v1
Warning (18236): Number of processors has not been specified which may cause overloading on shared machines.  Set the global assignment NUM_PARALLEL_PROCESSORS in your QSF to an appropriate value for best performance.
Info (20030): Parallel compilation is enabled and will use 2 of the 2 processors detected
Info (12021): Found 2 design units, including 1 entities, in source file mux4x1_nbits.vhd
    Info (12022): Found design unit 1: mux4x1_nbits-comportamental File: /home/jose/Desktop/LabDig/EXP6/Exp6_MuxDisplaysNaoFunciona_restored/mux4x1_nbits.vhd Line: 32
    Info (12023): Found entity 1: mux4x1_nbits File: /home/jose/Desktop/LabDig/EXP6/Exp6_MuxDisplaysNaoFunciona_restored/mux4x1_nbits.vhd Line: 21
Info (12021): Found 2 design units, including 1 entities, in source file JogoReacao_v1.vhd
    Info (12022): Found design unit 1: JogoReacao_v1-JogoReacao_arch File: /home/jose/Desktop/LabDig/EXP6/Exp6_MuxDisplaysNaoFunciona_restored/JogoReacao_v1.vhd Line: 27
    Info (12023): Found entity 1: JogoReacao_v1 File: /home/jose/Desktop/LabDig/EXP6/Exp6_MuxDisplaysNaoFunciona_restored/JogoReacao_v1.vhd Line: 6
Info (12021): Found 2 design units, including 1 entities, in source file registrador16bits.vhd
    Info (12022): Found design unit 1: registrador16bits-comportamental File: /home/jose/Desktop/LabDig/EXP6/Exp6_MuxDisplaysNaoFunciona_restored/registrador16bits.vhd Line: 25
    Info (12023): Found entity 1: registrador16bits File: /home/jose/Desktop/LabDig/EXP6/Exp6_MuxDisplaysNaoFunciona_restored/registrador16bits.vhd Line: 17
Info (12021): Found 2 design units, including 1 entities, in source file contador_modm.vhd
    Info (12022): Found design unit 1: contador_modm-contador_modm_arch File: /home/jose/Desktop/LabDig/EXP6/Exp6_MuxDisplaysNaoFunciona_restored/contador_modm.vhd Line: 40
    Info (12023): Found entity 1: contador_modm File: /home/jose/Desktop/LabDig/EXP6/Exp6_MuxDisplaysNaoFunciona_restored/contador_modm.vhd Line: 29
Info (12021): Found 2 design units, including 1 entities, in source file InterfaceMedidor.vhd
    Info (12022): Found design unit 1: InterfaceMedidor-a File: /home/jose/Desktop/LabDig/EXP6/Exp6_MuxDisplaysNaoFunciona_restored/InterfaceMedidor.vhd Line: 25
    Info (12023): Found entity 1: InterfaceMedidor File: /home/jose/Desktop/LabDig/EXP6/Exp6_MuxDisplaysNaoFunciona_restored/InterfaceMedidor.vhd Line: 4
Info (12021): Found 2 design units, including 1 entities, in source file interface_FSM_v4.vhd
    Info (12022): Found design unit 1: Interface_FSM_v4-controlador_arch File: /home/jose/Desktop/LabDig/EXP6/Exp6_MuxDisplaysNaoFunciona_restored/interface_FSM_v4.vhd Line: 21
    Info (12023): Found entity 1: Interface_FSM_v4 File: /home/jose/Desktop/LabDig/EXP6/Exp6_MuxDisplaysNaoFunciona_restored/interface_FSM_v4.vhd Line: 4
Info (12021): Found 2 design units, including 1 entities, in source file latch_sr.vhd
    Info (12022): Found design unit 1: latch_sr-comportamental File: /home/jose/Desktop/LabDig/EXP6/Exp6_MuxDisplaysNaoFunciona_restored/latch_sr.vhd Line: 23
    Info (12023): Found entity 1: latch_sr File: /home/jose/Desktop/LabDig/EXP6/Exp6_MuxDisplaysNaoFunciona_restored/latch_sr.vhd Line: 17
Info (12021): Found 2 design units, including 1 entities, in source file mux2x1_nbits.vhd
    Info (12022): Found design unit 1: mux2x1_nbits-mux2x1_arch File: /home/jose/Desktop/LabDig/EXP6/Exp6_MuxDisplaysNaoFunciona_restored/mux2x1_nbits.vhd Line: 32
    Info (12023): Found entity 1: mux2x1_nbits File: /home/jose/Desktop/LabDig/EXP6/Exp6_MuxDisplaysNaoFunciona_restored/mux2x1_nbits.vhd Line: 21
Info (12021): Found 2 design units, including 1 entities, in source file hexa7seg.vhd
    Info (12022): Found design unit 1: hexa7seg-comportamental File: /home/jose/Desktop/LabDig/EXP6/Exp6_MuxDisplaysNaoFunciona_restored/hexa7seg.vhd Line: 31
    Info (12023): Found entity 1: hexa7seg File: /home/jose/Desktop/LabDig/EXP6/Exp6_MuxDisplaysNaoFunciona_restored/hexa7seg.vhd Line: 24
Info (12021): Found 2 design units, including 1 entities, in source file medidor_largura.vhd
    Info (12022): Found design unit 1: medidor_largura-medidor_largura_arch File: /home/jose/Desktop/LabDig/EXP6/Exp6_MuxDisplaysNaoFunciona_restored/medidor_largura.vhd Line: 23
    Info (12023): Found entity 1: medidor_largura File: /home/jose/Desktop/LabDig/EXP6/Exp6_MuxDisplaysNaoFunciona_restored/medidor_largura.vhd Line: 4
Info (12021): Found 2 design units, including 1 entities, in source file contador_162.vhd
    Info (12022): Found design unit 1: contador_162-comportamental File: /home/jose/Desktop/LabDig/EXP6/Exp6_MuxDisplaysNaoFunciona_restored/contador_162.vhd Line: 30
    Info (12023): Found entity 1: contador_162 File: /home/jose/Desktop/LabDig/EXP6/Exp6_MuxDisplaysNaoFunciona_restored/contador_162.vhd Line: 19
Info (12021): Found 2 design units, including 1 entities, in source file contador16bits_mod10.vhd
    Info (12022): Found design unit 1: contador16bits_mod10-estrutural File: /home/jose/Desktop/LabDig/EXP6/Exp6_MuxDisplaysNaoFunciona_restored/contador16bits_mod10.vhd Line: 15
    Info (12023): Found entity 1: contador16bits_mod10 File: /home/jose/Desktop/LabDig/EXP6/Exp6_MuxDisplaysNaoFunciona_restored/contador16bits_mod10.vhd Line: 5
Info (12021): Found 2 design units, including 1 entities, in source file interface_leds_botoes_v2.vhd
    Info (12022): Found design unit 1: interface_leds_botoes_v2-arch File: /home/jose/Desktop/LabDig/EXP6/Exp6_MuxDisplaysNaoFunciona_restored/interface_leds_botoes_v2.vhd Line: 24
    Info (12023): Found entity 1: interface_leds_botoes_v2 File: /home/jose/Desktop/LabDig/EXP6/Exp6_MuxDisplaysNaoFunciona_restored/interface_leds_botoes_v2.vhd Line: 6
Info (12021): Found 2 design units, including 1 entities, in source file controlador.vhd
    Info (12022): Found design unit 1: controlador-controlador_arch File: /home/jose/Desktop/LabDig/EXP6/Exp6_MuxDisplaysNaoFunciona_restored/controlador.vhd Line: 35
    Info (12023): Found entity 1: controlador File: /home/jose/Desktop/LabDig/EXP6/Exp6_MuxDisplaysNaoFunciona_restored/controlador.vhd Line: 24
Info (12021): Found 2 design units, including 1 entities, in source file geraPulse.vhd
    Info (12022): Found design unit 1: geraPulse-geraPulso_arch File: /home/jose/Desktop/LabDig/EXP6/Exp6_MuxDisplaysNaoFunciona_restored/geraPulse.vhd Line: 15
    Info (12023): Found entity 1: geraPulse File: /home/jose/Desktop/LabDig/EXP6/Exp6_MuxDisplaysNaoFunciona_restored/geraPulse.vhd Line: 4
Info (12021): Found 2 design units, including 1 entities, in source file controladorJogo.vhd
    Info (12022): Found design unit 1: controladorJogo-controladorJogo_arch File: /home/jose/Desktop/LabDig/EXP6/Exp6_MuxDisplaysNaoFunciona_restored/controladorJogo.vhd Line: 28
    Info (12023): Found entity 1: controladorJogo File: /home/jose/Desktop/LabDig/EXP6/Exp6_MuxDisplaysNaoFunciona_restored/controladorJogo.vhd Line: 6
Info (12127): Elaborating entity "JogoReacao_v1" for the top level hierarchy
Info (12128): Elaborating entity "interface_leds_botoes_v2" for hierarchy "interface_leds_botoes_v2:INTERFACE" File: /home/jose/Desktop/LabDig/EXP6/Exp6_MuxDisplaysNaoFunciona_restored/JogoReacao_v1.vhd Line: 131
Info (12128): Elaborating entity "contador_modm" for hierarchy "interface_leds_botoes_v2:INTERFACE|contador_modm:CONT_INICIO" File: /home/jose/Desktop/LabDig/EXP6/Exp6_MuxDisplaysNaoFunciona_restored/interface_leds_botoes_v2.vhd Line: 83
Info (12128): Elaborating entity "latch_sr" for hierarchy "interface_leds_botoes_v2:INTERFACE|latch_sr:LATCH" File: /home/jose/Desktop/LabDig/EXP6/Exp6_MuxDisplaysNaoFunciona_restored/interface_leds_botoes_v2.vhd Line: 87
Warning (10631): VHDL Process Statement warning at latch_sr.vhd(27): inferring latch(es) for signal or variable "iq", which holds its previous value in one or more paths through the process File: /home/jose/Desktop/LabDig/EXP6/Exp6_MuxDisplaysNaoFunciona_restored/latch_sr.vhd Line: 27
Info (10041): Inferred latch for "iq" at latch_sr.vhd(27) File: /home/jose/Desktop/LabDig/EXP6/Exp6_MuxDisplaysNaoFunciona_restored/latch_sr.vhd Line: 27
Info (12128): Elaborating entity "geraPulse" for hierarchy "interface_leds_botoes_v2:INTERFACE|geraPulse:PULSE" File: /home/jose/Desktop/LabDig/EXP6/Exp6_MuxDisplaysNaoFunciona_restored/interface_leds_botoes_v2.vhd Line: 89
Info (12128): Elaborating entity "Interface_FSM_v4" for hierarchy "interface_leds_botoes_v2:INTERFACE|Interface_FSM_v4:FSM" File: /home/jose/Desktop/LabDig/EXP6/Exp6_MuxDisplaysNaoFunciona_restored/interface_leds_botoes_v2.vhd Line: 91
Info (12128): Elaborating entity "medidor_largura" for hierarchy "medidor_largura:MEDIDOR" File: /home/jose/Desktop/LabDig/EXP6/Exp6_MuxDisplaysNaoFunciona_restored/JogoReacao_v1.vhd Line: 139
Info (12128): Elaborating entity "controlador" for hierarchy "medidor_largura:MEDIDOR|controlador:UC" File: /home/jose/Desktop/LabDig/EXP6/Exp6_MuxDisplaysNaoFunciona_restored/medidor_largura.vhd Line: 71
Info (12128): Elaborating entity "contador16bits_mod10" for hierarchy "medidor_largura:MEDIDOR|contador16bits_mod10:CONT" File: /home/jose/Desktop/LabDig/EXP6/Exp6_MuxDisplaysNaoFunciona_restored/medidor_largura.vhd Line: 75
Info (12128): Elaborating entity "contador_162" for hierarchy "medidor_largura:MEDIDOR|contador16bits_mod10:CONT|contador_162:CONT1" File: /home/jose/Desktop/LabDig/EXP6/Exp6_MuxDisplaysNaoFunciona_restored/contador16bits_mod10.vhd Line: 35
Info (12128): Elaborating entity "registrador16bits" for hierarchy "medidor_largura:MEDIDOR|registrador16bits:REG" File: /home/jose/Desktop/LabDig/EXP6/Exp6_MuxDisplaysNaoFunciona_restored/medidor_largura.vhd Line: 88
Info (12128): Elaborating entity "controladorJogo" for hierarchy "controladorJogo:CONTROLADOR" File: /home/jose/Desktop/LabDig/EXP6/Exp6_MuxDisplaysNaoFunciona_restored/JogoReacao_v1.vhd Line: 143
Info (12128): Elaborating entity "mux2x1_nbits" for hierarchy "mux2x1_nbits:MUX" File: /home/jose/Desktop/LabDig/EXP6/Exp6_MuxDisplaysNaoFunciona_restored/JogoReacao_v1.vhd Line: 155
Info (12128): Elaborating entity "hexa7seg" for hierarchy "hexa7seg:DIS3" File: /home/jose/Desktop/LabDig/EXP6/Exp6_MuxDisplaysNaoFunciona_restored/JogoReacao_v1.vhd Line: 162
Info (12128): Elaborating entity "mux4x1_nbits" for hierarchy "mux4x1_nbits:MUX_DISP0" File: /home/jose/Desktop/LabDig/EXP6/Exp6_MuxDisplaysNaoFunciona_restored/JogoReacao_v1.vhd Line: 171
Info (12128): Elaborating entity "mux4x1_nbits" for hierarchy "mux4x1_nbits:MUX_LED0" File: /home/jose/Desktop/LabDig/EXP6/Exp6_MuxDisplaysNaoFunciona_restored/JogoReacao_v1.vhd Line: 197
Warning (13024): Output pins are stuck at VCC or GND
    Warning (13410): Pin "dis4[0]" is stuck at GND File: /home/jose/Desktop/LabDig/EXP6/Exp6_MuxDisplaysNaoFunciona_restored/JogoReacao_v1.vhd Line: 23
    Warning (13410): Pin "dis4[1]" is stuck at GND File: /home/jose/Desktop/LabDig/EXP6/Exp6_MuxDisplaysNaoFunciona_restored/JogoReacao_v1.vhd Line: 23
    Warning (13410): Pin "dis4[2]" is stuck at GND File: /home/jose/Desktop/LabDig/EXP6/Exp6_MuxDisplaysNaoFunciona_restored/JogoReacao_v1.vhd Line: 23
    Warning (13410): Pin "dis4[3]" is stuck at GND File: /home/jose/Desktop/LabDig/EXP6/Exp6_MuxDisplaysNaoFunciona_restored/JogoReacao_v1.vhd Line: 23
    Warning (13410): Pin "dis4[4]" is stuck at GND File: /home/jose/Desktop/LabDig/EXP6/Exp6_MuxDisplaysNaoFunciona_restored/JogoReacao_v1.vhd Line: 23
    Warning (13410): Pin "dis4[5]" is stuck at GND File: /home/jose/Desktop/LabDig/EXP6/Exp6_MuxDisplaysNaoFunciona_restored/JogoReacao_v1.vhd Line: 23
    Warning (13410): Pin "dis4[6]" is stuck at VCC File: /home/jose/Desktop/LabDig/EXP6/Exp6_MuxDisplaysNaoFunciona_restored/JogoReacao_v1.vhd Line: 23
Info (286030): Timing-Driven Synthesis is running
Info (16010): Generating hard_block partition "hard_block:auto_generated_inst"
    Info (16011): Adding 0 node(s), including 0 DDIO, 0 PLL, 0 transceiver and 0 LCELL
Info (21057): Implemented 237 device resources after synthesis - the final resource count might be different
    Info (21058): Implemented 6 input pins
    Info (21059): Implemented 75 output pins
    Info (21061): Implemented 156 logic cells
Info: Quartus Prime Analysis & Synthesis was successful. 0 errors, 10 warnings
    Info: Peak virtual memory: 1037 megabytes
    Info: Processing ended: Mon Mar  2 11:08:54 2020
    Info: Elapsed time: 00:00:16
    Info: Total CPU time (on all processors): 00:00:35


