Flow report for contador_163
Wed Jan 15 09:35:18 2020
Quartus Prime Version 18.0.0 Build 614 04/24/2018 SJ Lite Edition


---------------------
; Table of Contents ;
---------------------
  1. Legal Notice
  2. Flow Summary
  3. Flow Settings
  4. Flow Non-Default Global Settings
  5. Flow Elapsed Time
  6. Flow OS Summary
  7. Flow Log
  8. Flow Messages
  9. Flow Suppressed Messages



----------------
; Legal Notice ;
----------------
Copyright (C) 2018  Intel Corporation. All rights reserved.
Your use of Intel Corporation's design tools, logic functions 
and other software and tools, and its AMPP partner logic 
functions, and any output files from any of the foregoing 
(including device programming or simulation files), and any 
associated documentation or information are expressly subject 
to the terms and conditions of the Intel Program License 
Subscription Agreement, the Intel Quartus Prime License Agreement,
the Intel FPGA IP License Agreement, or other applicable license
agreement, including, without limitation, that your use is for
the sole purpose of programming logic devices manufactured by
Intel and sold by Intel or its authorized distributors.  Please
refer to the applicable agreement for further details.



+-------------------------------------------------------------------------------+
; Flow Summary                                                                  ;
+---------------------------------+---------------------------------------------+
; Flow Status                     ; Successful - Wed Jan 15 09:35:18 2020       ;
; Quartus Prime Version           ; 18.0.0 Build 614 04/24/2018 SJ Lite Edition ;
; Revision Name                   ; contador_163                                ;
; Top-level Entity Name           ; contador_163                                ;
; Family                          ; Cyclone V                                   ;
; Device                          ; 5CEBA4F23C7                                 ;
; Timing Models                   ; Final                                       ;
; Logic utilization (in ALMs)     ; 5 / 18,480 ( < 1 % )                        ;
; Total registers                 ; 4                                           ;
; Total pins                      ; 14 / 224 ( 6 % )                            ;
; Total virtual pins              ; 0                                           ;
; Total block memory bits         ; 0 / 3,153,920 ( 0 % )                       ;
; Total DSP Blocks                ; 0 / 66 ( 0 % )                              ;
; Total HSSI RX PCSs              ; 0                                           ;
; Total HSSI PMA RX Deserializers ; 0                                           ;
; Total HSSI TX PCSs              ; 0                                           ;
; Total HSSI PMA TX Serializers   ; 0                                           ;
; Total PLLs                      ; 0 / 4 ( 0 % )                               ;
; Total DLLs                      ; 0 / 4 ( 0 % )                               ;
+---------------------------------+---------------------------------------------+


+-----------------------------------------+
; Flow Settings                           ;
+-------------------+---------------------+
; Option            ; Setting             ;
+-------------------+---------------------+
; Start date & time ; 01/15/2020 09:29:41 ;
; Main task         ; Compilation         ;
; Revision Name     ; contador_163        ;
+-------------------+---------------------+


+-----------------------------------------------------------------------------------------------------------------------------+
; Flow Non-Default Global Settings                                                                                            ;
+-------------------------------------+----------------------------------------+---------------+-------------+----------------+
; Assignment Name                     ; Value                                  ; Default Value ; Entity Name ; Section Id     ;
+-------------------------------------+----------------------------------------+---------------+-------------+----------------+
; COMPILER_SIGNATURE_ID               ; 123745754754362.157909138003205        ; --            ; --          ; --             ;
; EDA_OUTPUT_DATA_FORMAT              ; Vhdl                                   ; --            ; --          ; eda_simulation ;
; EDA_SIMULATION_TOOL                 ; ModelSim-Altera (VHDL)                 ; <None>        ; --          ; --             ;
; EDA_TIME_SCALE                      ; 1 ps                                   ; --            ; --          ; eda_simulation ;
; MAX_CORE_JUNCTION_TEMP              ; 85                                     ; --            ; --          ; --             ;
; MIN_CORE_JUNCTION_TEMP              ; 0                                      ; --            ; --          ; --             ;
; PARTITION_COLOR                     ; -- (Not supported for targeted family) ; --            ; --          ; Top            ;
; PARTITION_FITTER_PRESERVATION_LEVEL ; -- (Not supported for targeted family) ; --            ; --          ; Top            ;
; PARTITION_NETLIST_TYPE              ; -- (Not supported for targeted family) ; --            ; --          ; Top            ;
; PROJECT_OUTPUT_DIRECTORY            ; output_files                           ; --            ; --          ; --             ;
+-------------------------------------+----------------------------------------+---------------+-------------+----------------+


+--------------------------------------------------------------------------------------------------------------------------+
; Flow Elapsed Time                                                                                                        ;
+----------------------+--------------+-------------------------+---------------------+------------------------------------+
; Module Name          ; Elapsed Time ; Average Processors Used ; Peak Virtual Memory ; Total CPU Time (on all processors) ;
+----------------------+--------------+-------------------------+---------------------+------------------------------------+
; Analysis & Synthesis ; 00:00:16     ; 1.0                     ; 1014 MB             ; 00:00:32                           ;
; Fitter               ; 00:00:28     ; 1.0                     ; 1861 MB             ; 00:00:32                           ;
; Assembler            ; 00:00:04     ; 1.0                     ; 948 MB              ; 00:00:04                           ;
; Timing Analyzer      ; 00:00:05     ; 1.0                     ; 1065 MB             ; 00:00:05                           ;
; EDA Netlist Writer   ; 00:00:02     ; 1.0                     ; 1125 MB             ; 00:00:01                           ;
; EDA Netlist Writer   ; 00:00:00     ; 1.0                     ; 1109 MB             ; 00:00:01                           ;
; EDA Netlist Writer   ; 00:00:01     ; 1.0                     ; 1115 MB             ; 00:00:01                           ;
; Total                ; 00:00:56     ; --                      ; --                  ; 00:01:16                           ;
+----------------------+--------------+-------------------------+---------------------+------------------------------------+


+----------------------------------------------------------------------------------------+
; Flow OS Summary                                                                        ;
+----------------------+------------------+----------------+------------+----------------+
; Module Name          ; Machine Hostname ; OS Name        ; OS Version ; Processor type ;
+----------------------+------------------+----------------+------------+----------------+
; Analysis & Synthesis ; betelgeuse       ; Ubuntu 18.04.3 ; 18         ; x86_64         ;
; Fitter               ; betelgeuse       ; Ubuntu 18.04.3 ; 18         ; x86_64         ;
; Assembler            ; betelgeuse       ; Ubuntu 18.04.3 ; 18         ; x86_64         ;
; Timing Analyzer      ; betelgeuse       ; Ubuntu 18.04.3 ; 18         ; x86_64         ;
; EDA Netlist Writer   ; betelgeuse       ; Ubuntu 18.04.3 ; 18         ; x86_64         ;
; EDA Netlist Writer   ; betelgeuse       ; Ubuntu 18.04.3 ; 18         ; x86_64         ;
; EDA Netlist Writer   ; betelgeuse       ; Ubuntu 18.04.3 ; 18         ; x86_64         ;
+----------------------+------------------+----------------+------------+----------------+


------------
; Flow Log ;
------------
quartus_map --read_settings_files=on --write_settings_files=off contador_163 -c contador_163
quartus_fit --read_settings_files=off --write_settings_files=off contador_163 -c contador_163
quartus_asm --read_settings_files=off --write_settings_files=off contador_163 -c contador_163
quartus_sta contador_163 -c contador_163
quartus_eda --read_settings_files=off --write_settings_files=off contador_163 -c contador_163
quartus_eda --gen_testbench --tool=modelsim_oem --format=verilog --write_settings_files=off contador_163 -c contador_163 --vector_source=/home/jose/Desktop/LabDig/EXP2/Files/contador_163_restored/WaveContador163.vwf --testbench_file=/home/jose/Desktop/LabDig/EXP2/Files/contador_163_restored/simulation/qsim/WaveContador163.vwf.vt
quartus_eda --write_settings_files=off --simulation=on --functional=on --flatten_buses=off --tool=modelsim_oem --format=verilog --output_directory=/home/jose/Desktop/LabDig/EXP2/Files/contador_163_restored/simulation/qsim/ contador_163 -c contador_163



